2021-02-26 02:37:55,120 INFO c.e.d.SareetaApplication [main] Starting SareetaApplication on DESKTOP-SECE6CM with PID 20344 (C:\Users\jm943\Desktop\nd035-c4-Security-and-DevOps\starter_code\target\classes started by jm943 in C:\Users\jm943\Desktop\nd035-c4-Security-and-DevOps\starter_code)
2021-02-26 02:37:55,128 INFO c.e.d.SareetaApplication [main] No active profile set, falling back to default profiles: default
2021-02-26 02:37:58,349 INFO c.e.d.SareetaApplication [main] Started SareetaApplication in 3.548 seconds (JVM running for 4.718)
2021-02-26 02:38:20,645 INFO c.e.d.c.UserController [http-nio-8080-exec-2] User name set with 
2021-02-26 02:43:45,511 INFO c.e.d.SareetaApplication [main] Starting SareetaApplication on DESKTOP-SECE6CM with PID 2476 (C:\Users\jm943\Desktop\nd035-c4-Security-and-DevOps\starter_code\target\classes started by jm943 in C:\Users\jm943\Desktop\nd035-c4-Security-and-DevOps\starter_code)
2021-02-26 02:43:45,523 INFO c.e.d.SareetaApplication [main] No active profile set, falling back to default profiles: default
2021-02-26 02:43:48,668 INFO c.e.d.SareetaApplication [main] Started SareetaApplication in 3.505 seconds (JVM running for 5.053)
2021-02-26 02:44:22,886 INFO c.e.d.c.UserController [http-nio-8080-exec-1] User name set with Sareeta
2021-02-26 02:44:22,927 ERROR c.e.d.c.UserController [http-nio-8080-exec-1] Password need to longer than 7 characters and equals to confirmPassword
2021-02-26 02:44:25,105 INFO c.e.d.c.UserController [http-nio-8080-exec-4] User name set with Sareeta
2021-02-26 02:44:25,107 ERROR c.e.d.c.UserController [http-nio-8080-exec-4] Password need to longer than 7 characters and equals to confirmPassword
2021-02-26 02:44:25,668 INFO c.e.d.c.UserController [http-nio-8080-exec-5] User name set with Sareeta
2021-02-26 02:44:25,670 ERROR c.e.d.c.UserController [http-nio-8080-exec-5] Password need to longer than 7 characters and equals to confirmPassword
2021-02-26 02:44:39,385 INFO c.e.d.c.UserController [http-nio-8080-exec-10] User name set with Sareeta
2021-02-26 02:44:39,387 ERROR c.e.d.c.UserController [http-nio-8080-exec-10] Password need to longer than 7 characters and equals to confirmPassword
2021-02-26 02:45:33,672 INFO c.e.d.SareetaApplication [main] Starting SareetaApplication on DESKTOP-SECE6CM with PID 1832 (C:\Users\jm943\Desktop\nd035-c4-Security-and-DevOps\starter_code\target\classes started by jm943 in C:\Users\jm943\Desktop\nd035-c4-Security-and-DevOps\starter_code)
2021-02-26 02:45:33,684 INFO c.e.d.SareetaApplication [main] No active profile set, falling back to default profiles: default
2021-02-26 02:45:36,822 INFO c.e.d.SareetaApplication [main] Started SareetaApplication in 3.461 seconds (JVM running for 4.615)
2021-02-26 02:45:38,500 ERROR c.e.d.c.UserController [http-nio-8080-exec-1] Password need to longer than 7 characters and equals to confirmPassword
2021-02-26 02:45:39,107 ERROR c.e.d.c.UserController [http-nio-8080-exec-4] Password need to longer than 7 characters and equals to confirmPassword
2021-02-26 02:45:39,587 ERROR c.e.d.c.UserController [http-nio-8080-exec-6] Password need to longer than 7 characters and equals to confirmPassword
2021-02-26 02:45:51,966 INFO c.e.d.c.UserController [http-nio-8080-exec-7] User name(Sareeta) was successfully created
2021-02-26 02:46:56,398 INFO c.e.d.c.OrderController [http-nio-8080-exec-7] New order was successfully added
2021-02-26 02:46:57,004 INFO c.e.d.c.OrderController [http-nio-8080-exec-9] New order was successfully added
2021-02-26 02:46:57,489 INFO c.e.d.c.OrderController [http-nio-8080-exec-10] New order was successfully added
2021-02-26 02:46:57,969 INFO c.e.d.c.OrderController [http-nio-8080-exec-2] New order was successfully added
2021-02-26 02:46:58,420 INFO c.e.d.c.OrderController [http-nio-8080-exec-1] New order was successfully added
2021-02-26 02:46:58,872 INFO c.e.d.c.OrderController [http-nio-8080-exec-3] New order was successfully added
2021-02-26 02:47:04,212 ERROR c.e.d.c.OrderController [http-nio-8080-exec-4] There is no Username in database
2021-02-26 02:47:04,766 ERROR c.e.d.c.OrderController [http-nio-8080-exec-5] There is no Username in database
2021-02-26 02:47:05,226 ERROR c.e.d.c.OrderController [http-nio-8080-exec-6] There is no Username in database
2021-02-26 02:47:05,640 ERROR c.e.d.c.OrderController [http-nio-8080-exec-8] There is no Username in database
2021-02-26 02:47:06,035 ERROR c.e.d.c.OrderController [http-nio-8080-exec-7] There is no Username in database
2021-02-26 03:19:32,026 INFO c.e.d.c.OrderController [main] New order was successfully added
2021-02-26 03:19:39,748 INFO c.e.d.c.OrderController [main] New order was successfully added
2021-02-26 03:33:49,905 INFO c.e.d.c.UserController [main] User name(test) was successfully created
2021-02-26 03:33:49,960 INFO c.e.d.c.UserController [main] User name(test) was successfully created
2021-02-26 03:34:03,112 INFO c.e.d.c.UserController [main] User name(test) was successfully created
2021-02-26 03:34:03,155 INFO c.e.d.c.UserController [main] User name(test) was successfully created
2021-02-26 03:34:17,421 INFO c.e.d.c.OrderController [main] New order was successfully added
2021-02-26 03:34:26,677 INFO c.e.d.c.UserController [main] User name(test) was successfully created
2021-02-26 03:34:26,721 INFO c.e.d.c.UserController [main] User name(test) was successfully created
2021-02-26 03:34:26,724 INFO c.e.d.c.UserController [main] User name(test) was successfully created
2021-02-26 03:34:41,264 INFO c.e.d.SareetaApplicationTests [main] Starting SareetaApplicationTests on DESKTOP-SECE6CM with PID 17452 (started by jm943 in C:\Users\jm943\Desktop\nd035-c4-Security-and-DevOps\starter_code)
2021-02-26 03:34:41,273 INFO c.e.d.SareetaApplicationTests [main] No active profile set, falling back to default profiles: default
2021-02-26 03:34:47,337 INFO c.e.d.SareetaApplicationTests [main] Started SareetaApplicationTests in 6.357 seconds (JVM running for 8.351)
2021-02-26 09:55:08,690 INFO c.e.d.SareetaApplication [main] Starting SareetaApplication on DESKTOP-SECE6CM with PID 692 (C:\Users\jm943\Desktop\nd035-c4-Security-and-DevOps\starter_code\target\classes started by jm943 in C:\Users\jm943\Desktop\nd035-c4-Security-and-DevOps\starter_code)
2021-02-26 09:55:08,707 INFO c.e.d.SareetaApplication [main] No active profile set, falling back to default profiles: default
2021-02-26 09:55:15,737 INFO c.e.d.SareetaApplication [main] Started SareetaApplication in 7.629 seconds (JVM running for 9.751)
2021-02-26 09:55:33,088 ERROR c.e.d.c.UserController [http-nio-8080-exec-1] Password need to longer than 7 characters and equals to confirmPassword
2021-02-26 09:55:41,387 ERROR c.e.d.c.UserController [http-nio-8080-exec-4] Password need to longer than 7 characters and equals to confirmPassword
2021-02-26 09:55:41,887 ERROR c.e.d.c.UserController [http-nio-8080-exec-6] Password need to longer than 7 characters and equals to confirmPassword
2021-02-26 09:55:44,975 ERROR c.e.d.c.UserController [http-nio-8080-exec-8] Password need to longer than 7 characters and equals to confirmPassword
2021-02-26 09:55:45,480 ERROR c.e.d.c.UserController [http-nio-8080-exec-10] Password need to longer than 7 characters and equals to confirmPassword
